<?xml version="1.0" encoding="UTF-8"?>
<testsuite xmlns:xsi="http://www.w3.org/2001/XMLSchema-instance" xsi:noNamespaceSchemaLocation="https://maven.apache.org/surefire/maven-surefire-plugin/xsd/surefire-test-report.xsd" name="es.unican.ps.practica03.persistence.ParkingDAOTest" time="0.695" tests="5" errors="0" skipped="0" failures="0">
  <properties>
[...]
</properties>
  <testcase name="modifyParkingTest" classname="es.unican.ps.practica03.persistence.ParkingDAOTest" time="0.664"/>
  <testcase name="deleteParkingTest" classname="es.unican.ps.practica03.persistence.ParkingDAOTest" time="0.007"/>
  <testcase name="addParkingTest" classname="es.unican.ps.practica03.persistence.ParkingDAOTest" time="0.003"/>
  <testcase name="getParkingListTest" classname="es.unican.ps.practica03.persistence.ParkingDAOTest" time="0.002"/>
  <testcase name="getParkingTest" classname="es.unican.ps.practica03.persistence.ParkingDAOTest" time="0.002"/>
</testsuite>